2013-11-05 15:21:50 Error: [MissingControllerException] Controller class IndexController could not be found.
Exception Attributes: array (
  'class' => 'IndexController',
  'plugin' => NULL,
)
Request URL: /index
Stack Trace:
#0 C:\Users\Allen\Documents\GitHub\donuts\web\public_html\app\webroot\index.php(110): Dispatcher->dispatch(Object(CakeRequest), Object(CakeResponse))
#1 {main}
2013-11-05 15:21:54 Error: [MissingControllerException] Controller class Index.ctpController could not be found.
Exception Attributes: array (
  'class' => 'Index.ctpController',
  'plugin' => NULL,
)
Request URL: /index.ctp
Stack Trace:
#0 C:\Users\Allen\Documents\GitHub\donuts\web\public_html\app\webroot\index.php(110): Dispatcher->dispatch(Object(CakeRequest), Object(CakeResponse))
#1 {main}
2013-11-05 15:22:01 Error: [MissingControllerException] Controller class Index.Controller could not be found.
Exception Attributes: array (
  'class' => 'Index.Controller',
  'plugin' => NULL,
)
Request URL: /index.
Stack Trace:
#0 C:\Users\Allen\Documents\GitHub\donuts\web\public_html\app\webroot\index.php(110): Dispatcher->dispatch(Object(CakeRequest), Object(CakeResponse))
#1 {main}
2013-11-05 15:22:04 Error: [MissingControllerException] Controller class IndexController could not be found.
Exception Attributes: array (
  'class' => 'IndexController',
  'plugin' => NULL,
)
Request URL: /index
Stack Trace:
#0 C:\Users\Allen\Documents\GitHub\donuts\web\public_html\app\webroot\index.php(110): Dispatcher->dispatch(Object(CakeRequest), Object(CakeResponse))
#1 {main}
